<?xml version="1.0" encoding="UTF-8"?>
<!-- Generated by org.testng.reporters.JUnitXMLReporter -->
<testsuite hostname="Ebsi-HP4540-07" name="Independent test" tests="6" failures="0" timestamp="8 Apr 2015 14:22:00 GMT" time="0.04" errors="0">
  <testcase name="testMethod" time="0.015" classname="com.testng.parallel.demo.IndependentTest"/>
  <testcase name="testMethod" time="0.015" classname="com.testng.parallel.demo.IndependentTest"/>
  <testcase name="testMethod" time="0.016" classname="com.testng.parallel.demo.IndependentTest"/>
  <testcase name="testMethod" time="0.001" classname="com.testng.parallel.demo.IndependentTest"/>
  <testcase name="testMethod" time="0.001" classname="com.testng.parallel.demo.IndependentTest"/>
  <testcase name="testMethod" time="0.001" classname="com.testng.parallel.demo.IndependentTest"/>
</testsuite> <!-- Independent test -->
