<?xml version="1.0" encoding="UTF-8"?>
<!-- Generated by org.testng.reporters.JUnitXMLReporter -->
<testsuite hostname="Ebsi-HP4540-07" name="Default test" tests="3" failures="0" timestamp="8 Apr 2015 14:00:38 GMT" time="0.031" errors="0">
  <testcase name="testMethodOne" time="0.012" classname="com.testng.suite.demo.DefaultGroup"/>
  <testcase name="testMethodThree" time="0.001" classname="com.testng.suite.demo.DefaultGroup"/>
  <testcase name="testMethodTwo" time="0.0" classname="com.testng.suite.demo.DefaultGroup"/>
</testsuite> <!-- Default test -->
