<?xml version="1.0" encoding="UTF-8"?>
<!-- Generated by org.testng.reporters.JUnitXMLReporter -->
<testsuite hostname="Ebsi-HP4540-07" name="selenium" tests="4" failures="0" timestamp="8 Apr 2015 12:34:38 GMT" time="0.016" errors="0">
  <testcase name="runSelenium" time="0.0" classname="com.testng.suite.demo.TestGroupOnClass"/>
  <testcase name="runSelenium1" time="0.001" classname="com.testng.suite.demo.TestGroupOnClass"/>
  <testcase name="runSelenium" time="0.001" classname="com.testng.suite.demo.TestGroupOnMethods"/>
  <testcase name="runSelenium1" time="0.001" classname="com.testng.suite.demo.TestGroupOnMethods"/>
</testsuite> <!-- selenium -->
