<?xml version="1.0" encoding="UTF-8"?>
<!-- Generated by org.testng.reporters.JUnitXMLReporter -->
<testsuite hostname="Ebsi-HP4540-07" name="case1" tests="4" failures="0" timestamp="8 Apr 2015 11:49:20 GMT" time="0.032" errors="0">
  <testcase name="runTest1" time="0.006" classname="com.testng.config.demo.TestConfiguration"/>
  <testcase name="runTest2" time="0.0" classname="com.testng.config.demo.TestConfiguration"/>
  <testcase name="runOtherTest1" time="0.001" classname="com.testng.config.demo.TestDBConnection"/>
  <testcase name="runOtherTest2" time="0.002" classname="com.testng.config.demo.TestDBConnection"/>
</testsuite> <!-- case1 -->
