<?xml version="1.0" encoding="UTF-8"?>
<testng-results skipped="0" failed="0" total="2" passed="2">
  <reporter-output>
  </reporter-output>
  <suite name="Group of group Suite" duration-ms="27" started-at="2015-04-08T14:05:01Z" finished-at="2015-04-08T14:05:01Z">
    <groups>
      <group name="include-test-two">
        <method signature="MetaGroupTest.testMethodTwo()[pri:0, instance:com.testng.suite.demo.MetaGroupTest@7958e458]" name="testMethodTwo" class="com.testng.suite.demo.MetaGroupTest"/>
      </group> <!-- include-test-two -->
      <group name="include-test-one">
        <method signature="MetaGroupTest.testMethodOne()[pri:0, instance:com.testng.suite.demo.MetaGroupTest@7958e458]" name="testMethodOne" class="com.testng.suite.demo.MetaGroupTest"/>
      </group> <!-- include-test-one -->
    </groups>
    <test name="Group of group Test" duration-ms="27" started-at="2015-04-08T14:05:01Z" finished-at="2015-04-08T14:05:01Z">
      <class name="com.testng.suite.demo.MetaGroupTest">
        <test-method status="PASS" signature="testMethodOne()[pri:0, instance:com.testng.suite.demo.MetaGroupTest@7958e458]" name="testMethodOne" duration-ms="12" started-at="2015-04-09T00:05:01Z" finished-at="2015-04-09T00:05:01Z">
          <reporter-output>
          </reporter-output>
        </test-method> <!-- testMethodOne -->
        <test-method status="PASS" signature="testMethodTwo()[pri:0, instance:com.testng.suite.demo.MetaGroupTest@7958e458]" name="testMethodTwo" duration-ms="1" started-at="2015-04-09T00:05:01Z" finished-at="2015-04-09T00:05:01Z">
          <reporter-output>
          </reporter-output>
        </test-method> <!-- testMethodTwo -->
      </class> <!-- com.testng.suite.demo.MetaGroupTest -->
    </test> <!-- Group of group Test -->
  </suite> <!-- Group of group Suite -->
</testng-results>
