<?xml version="1.0" encoding="UTF-8"?>
<!-- Generated by org.testng.reporters.JUnitXMLReporter -->
<testsuite hostname="Ebsi-HP4540-07" name="Default test" tests="4" failures="0" timestamp="8 Apr 2015 13:52:30 GMT" time="0.033" errors="0">
  <testcase name="testMethodOne" time="0.013" classname="com.testng.factory.demo.FactoryWithDataProviderTest"/>
  <testcase name="testMethodOne" time="0.001" classname="com.testng.factory.demo.FactoryWithDataProviderTest"/>
  <testcase name="testMethodTwo" time="0.001" classname="com.testng.factory.demo.FactoryWithDataProviderTest"/>
  <testcase name="testMethodTwo" time="0.001" classname="com.testng.factory.demo.FactoryWithDataProviderTest"/>
</testsuite> <!-- Default test -->
