<?xml version="1.0" encoding="UTF-8"?>
<!-- Generated by org.testng.reporters.JUnitXMLReporter -->
<testsuite hostname="Ebsi-HP4540-07" name="Default test" tests="24" failures="0" timestamp="8 Apr 2015 13:35:04 GMT" time="0.101" errors="0">
  <testcase name="ASCIIToCharTest" time="0.012" classname="com.testng.parameter.demo.CharUtilsTest"/>
  <testcase name="ASCIIToCharTest" time="0.001" classname="com.testng.parameter.demo.CharUtilsTest"/>
  <testcase name="ASCIIToCharTest" time="0.001" classname="com.testng.parameter.demo.CharUtilsTest"/>
  <testcase name="ASCIIToCharTest" time="0.001" classname="com.testng.parameter.demo.CharUtilsTest"/>
  <testcase name="ASCIIToCharTest" time="0.0" classname="com.testng.parameter.demo.CharUtilsTest"/>
  <testcase name="ASCIIToCharTest" time="0.0" classname="com.testng.parameter.demo.CharUtilsTest"/>
  <testcase name="ASCIIToCharTest" time="0.001" classname="com.testng.parameter.demo.CharUtilsTest"/>
  <testcase name="ASCIIToCharTest" time="0.001" classname="com.testng.parameter.demo.CharUtilsTest"/>
  <testcase name="ASCIIToCharTest" time="0.001" classname="com.testng.parameter.demo.CharUtilsTest"/>
  <testcase name="ASCIIToCharTest" time="0.001" classname="com.testng.parameter.demo.CharUtilsTest"/>
  <testcase name="ASCIIToCharTest" time="0.001" classname="com.testng.parameter.demo.CharUtilsTest"/>
  <testcase name="ASCIIToCharTest" time="0.001" classname="com.testng.parameter.demo.CharUtilsTest"/>
  <testcase name="CharToASCIITest" time="0.001" classname="com.testng.parameter.demo.CharUtilsTest"/>
  <testcase name="CharToASCIITest" time="0.001" classname="com.testng.parameter.demo.CharUtilsTest"/>
  <testcase name="CharToASCIITest" time="0.001" classname="com.testng.parameter.demo.CharUtilsTest"/>
  <testcase name="CharToASCIITest" time="0.001" classname="com.testng.parameter.demo.CharUtilsTest"/>
  <testcase name="CharToASCIITest" time="0.001" classname="com.testng.parameter.demo.CharUtilsTest"/>
  <testcase name="CharToASCIITest" time="0.001" classname="com.testng.parameter.demo.CharUtilsTest"/>
  <testcase name="CharToASCIITest" time="0.001" classname="com.testng.parameter.demo.CharUtilsTest"/>
  <testcase name="CharToASCIITest" time="0.001" classname="com.testng.parameter.demo.CharUtilsTest"/>
  <testcase name="CharToASCIITest" time="0.001" classname="com.testng.parameter.demo.CharUtilsTest"/>
  <testcase name="CharToASCIITest" time="0.001" classname="com.testng.parameter.demo.CharUtilsTest"/>
  <testcase name="CharToASCIITest" time="0.001" classname="com.testng.parameter.demo.CharUtilsTest"/>
  <testcase name="CharToASCIITest" time="0.0" classname="com.testng.parameter.demo.CharUtilsTest"/>
</testsuite> <!-- Default test -->
