<?xml version="1.0" encoding="UTF-8"?>
<!-- Generated by org.testng.reporters.JUnitXMLReporter -->
<testsuite hostname="Ebsi-HP4540-07" name="TestCase1" tests="6" failures="0" timestamp="8 Apr 2015 12:55:12 GMT" time="0.054" errors="0">
  <testcase name="deployServer" time="0.018" classname="com.testng.dependent.demo.TestServer"/>
  <testcase name="deployBackUpServer" time="0.001" classname="com.testng.dependent.demo.TestServer"/>
  <testcase name="initDB" time="0.001" classname="com.testng.dependent.demo.TestDatabase"/>
  <testcase name="testConnection" time="0.001" classname="com.testng.dependent.demo.TestDatabase"/>
  <testcase name="method1" time="0.001" classname="com.testng.dependent.demo.TestDependsOnGroup"/>
  <testcase name="method2" time="0.001" classname="com.testng.dependent.demo.TestDependsOnGroup"/>
</testsuite> <!-- TestCase1 -->
